TN:
SF:src\components\Body.js
FN:7,(anonymous_0)
FN:15,(anonymous_1)
FN:18,(anonymous_2)
FN:61,(anonymous_3)
FN:65,(anonymous_4)
FN:66,(anonymous_5)
FN:75,(anonymous_6)
FN:77,(anonymous_7)
FN:91,(anonymous_8)
FN:96,(anonymous_9)
FNF:10
FNH:7
FNDA:4,(anonymous_0)
FNDA:1,(anonymous_1)
FNDA:1,(anonymous_2)
FNDA:1,(anonymous_3)
FNDA:1,(anonymous_4)
FNDA:20,(anonymous_5)
FNDA:0,(anonymous_6)
FNDA:0,(anonymous_7)
FNDA:0,(anonymous_8)
FNDA:45,(anonymous_9)
DA:7,1
DA:8,4
DA:9,4
DA:11,4
DA:13,4
DA:14,4
DA:15,4
DA:16,1
DA:18,4
DA:19,1
DA:22,1
DA:24,1
DA:27,1
DA:37,4
DA:39,4
DA:40,0
DA:49,4
DA:61,1
DA:66,1
DA:67,20
DA:69,1
DA:76,0
DA:77,0
DA:79,0
DA:91,0
DA:97,45
LF:26
LH:21
BRDA:39,0,0,0
BRDA:39,0,1,4
BRDA:49,1,0,1
BRDA:49,1,1,3
BRDA:103,2,0,41
BRDA:103,2,1,4
BRF:6
BRH:5
end_of_record
TN:
SF:src\components\Cart.js
FN:5,(anonymous_0)
FN:7,(anonymous_1)
FN:10,(anonymous_2)
FN:13,(anonymous_3)
FNF:4
FNH:3
FNDA:4,(anonymous_0)
FNDA:0,(anonymous_1)
FNDA:1,(anonymous_2)
FNDA:8,(anonymous_3)
DA:5,1
DA:6,4
DA:7,4
DA:8,0
DA:10,4
DA:11,1
DA:13,8
DA:14,4
LF:8
LH:7
BRDA:18,0,0,4
BRDA:18,0,1,2
BRDA:22,1,0,4
BRDA:22,1,1,2
BRDA:30,2,0,4
BRDA:30,2,1,2
BRF:6
BRH:6
end_of_record
TN:
SF:src\components\Contact.js
FN:1,(anonymous_0)
FNF:1
FNH:1
FNDA:3,(anonymous_0)
DA:1,1
DA:2,3
LF:2
LH:2
BRF:0
BRH:0
end_of_record
TN:
SF:src\components\Header.js
FN:8,(anonymous_0)
FN:14,(anonymous_1)
FN:31,(anonymous_2)
FNF:3
FNH:2
FNDA:4,(anonymous_0)
FNDA:8,(anonymous_1)
FNDA:0,(anonymous_2)
DA:8,1
DA:9,4
DA:10,4
DA:11,4
DA:14,8
DA:15,4
DA:31,0
LF:7
LH:6
BRDA:25,0,0,4
BRDA:25,0,1,0
BRDA:31,1,0,0
BRDA:31,1,1,0
BRF:4
BRH:1
end_of_record
TN:
SF:src\components\ItemList.js
FN:4,(anonymous_0)
FN:7,(anonymous_1)
FN:13,(anonymous_2)
FN:31,(anonymous_3)
FNF:4
FNH:4
FNDA:6,(anonymous_0)
FNDA:2,(anonymous_1)
FNDA:26,(anonymous_2)
FNDA:2,(anonymous_3)
DA:4,1
DA:6,6
DA:7,6
DA:9,2
DA:11,6
DA:14,26
DA:31,2
LF:7
LH:7
BRF:0
BRH:0
end_of_record
TN:
SF:src\components\RestaurentMenu.js
FN:6,(anonymous_0)
FN:20,(anonymous_1)
FN:28,(anonymous_2)
FN:37,(anonymous_3)
FN:39,(anonymous_4)
FNF:5
FNH:5
FNDA:4,(anonymous_0)
FNDA:26,(anonymous_1)
FNDA:4,(anonymous_2)
FNDA:20,(anonymous_3)
FNDA:1,(anonymous_4)
DA:6,1
DA:7,4
DA:9,3
DA:11,3
DA:12,3
DA:14,3
DA:15,1
DA:17,2
DA:19,2
DA:21,26
DA:24,2
DA:29,4
DA:38,20
DA:39,1
LF:14
LH:14
BRDA:14,0,0,1
BRDA:14,0,1,2
BRDA:39,1,0,20
BRDA:39,1,1,2
BRF:4
BRH:4
end_of_record
TN:
SF:src\utils\appStore.js
FNF:0
FNH:0
DA:3,1
LF:1
LH:1
BRF:0
BRH:0
end_of_record
